0 info it worked if it ends with ok
1 verbose cli [ '/usr/local/bin/node', '/usr/local/bin/npm', 'run', 'start' ]
2 info using npm@3.9.2
3 info using node@v4.4.4
4 verbose run-script [ 'prestart', 'start', 'poststart' ]
5 info lifecycle artist_website@1.0.0~prestart: artist_website@1.0.0
6 silly lifecycle artist_website@1.0.0~prestart: no script for prestart, continuing
7 info lifecycle artist_website@1.0.0~start: artist_website@1.0.0
8 verbose lifecycle artist_website@1.0.0~start: unsafe-perm in lifecycle true
9 verbose lifecycle artist_website@1.0.0~start: PATH: /usr/local/lib/node_modules/npm/bin/node-gyp-bin:/Users/Stephen/Dropbox/Code/artist_website/node_modules/.bin:/usr/local/bin:/Users/Stephen/.rvm/gems/ruby-2.2.3/bin:/Users/Stephen/.rvm/gems/ruby-2.2.3@global/bin:/Users/Stephen/.rvm/rubies/ruby-2.2.3/bin:/Users/Stephen/.bin:/usr/local/bin:/usr/bin:/bin:/usr/sbin:/sbin:/Users/Stephen/.rvm/bin
10 verbose lifecycle artist_website@1.0.0~start: CWD: /Users/Stephen/Dropbox/Code/artist_website
11 silly lifecycle artist_website@1.0.0~start: Args: [ '-c', 'node server' ]
12 silly lifecycle artist_website@1.0.0~start: Returned: code: 1  signal: null
13 info lifecycle artist_website@1.0.0~start: Failed to exec start script
14 verbose stack Error: artist_website@1.0.0 start: `node server`
14 verbose stack Exit status 1
14 verbose stack     at EventEmitter.<anonymous> (/usr/local/lib/node_modules/npm/lib/utils/lifecycle.js:245:16)
14 verbose stack     at emitTwo (events.js:87:13)
14 verbose stack     at EventEmitter.emit (events.js:172:7)
14 verbose stack     at ChildProcess.<anonymous> (/usr/local/lib/node_modules/npm/lib/utils/spawn.js:24:14)
14 verbose stack     at emitTwo (events.js:87:13)
14 verbose stack     at ChildProcess.emit (events.js:172:7)
14 verbose stack     at maybeClose (internal/child_process.js:827:16)
14 verbose stack     at Process.ChildProcess._handle.onexit (internal/child_process.js:211:5)
15 verbose pkgid artist_website@1.0.0
16 verbose cwd /Users/Stephen/Dropbox/Code/artist_website
17 error Darwin 15.6.0
18 error argv "/usr/local/bin/node" "/usr/local/bin/npm" "run" "start"
19 error node v4.4.4
20 error npm  v3.9.2
21 error code ELIFECYCLE
22 error artist_website@1.0.0 start: `node server`
22 error Exit status 1
23 error Failed at the artist_website@1.0.0 start script 'node server'.
23 error Make sure you have the latest version of node.js and npm installed.
23 error If you do, this is most likely a problem with the artist_website package,
23 error not with npm itself.
23 error Tell the author that this fails on your system:
23 error     node server
23 error You can get information on how to open an issue for this project with:
23 error     npm bugs artist_website
23 error Or if that isn't available, you can get their info via:
23 error     npm owner ls artist_website
23 error There is likely additional logging output above.
24 verbose exit [ 1, true ]
